05.안드로이드에서 ML Kit로 텍스트 처리 애플리케이션 만들기/jongwoo/FD/app/build/intermediates/manifest_merge_blame_file/debug/manifest-merger-blame-debug-report.txt
1<?xml version="1.0" encoding="utf-8"?>
2<manifest xmlns:android="http://schemas.android.com/apk/res/android"
3    package="com.paytest.fd"
4    android:versionCode="1"
5    android:versionName="1.0" >
6
7    <uses-sdk
8        android:minSdkVersion="21"
8-->src/main/AndroidManifest.xml
9        android:targetSdkVersion="32" />
9-->src/main/AndroidManifest.xml
10
11    <uses-permission android:name="android.permission.ACCESS_NETWORK_STATE" />
11-->src/main/AndroidManifest.xml:6:5-79
11-->src/main/AndroidManifest.xml:6:22-76
12    <uses-permission android:name="android.permission.INTERNET" />
12-->src/main/AndroidManifest.xml:7:5-67
12-->src/main/AndroidManifest.xml:7:22-64
13    <uses-permission android:name="android.permission.WRITE_EXTERNAL_STORAGE" />
13-->src/main/AndroidManifest.xml:8:5-81
13-->src/main/AndroidManifest.xml:8:22-78
14    <uses-permission android:name="android.permission.WAKE_LOCK" />
14-->[androidx.work:work-runtime:2.2.0] AndroidManifest.xml:25:5-68
14-->[androidx.work:work-runtime:2.2.0] AndroidManifest.xml:25:22-65
15    <uses-permission android:name="android.permission.RECEIVE_BOOT_COMPLETED" />
15-->[androidx.work:work-runtime:2.2.0] AndroidManifest.xml:27:5-81
15-->[androidx.work:work-runtime:2.2.0] AndroidManifest.xml:27:22-78
16
17    <application
17-->src/main/AndroidManifest.xml:10:5-47:19
18        android:allowBackup="true"
18-->src/main/AndroidManifest.xml:11:9-35
19        android:appComponentFactory="androidx.core.app.CoreComponentFactory"
19-->[androidx.core:core:1.7.0] AndroidManifest.xml:24:18-86
20        android:dataExtractionRules="@xml/data_extraction_rules"
20-->src/main/AndroidManifest.xml:12:9-65
21        android:debuggable="true"
22        android:fullBackupContent="@xml/backup_rules"
22-->src/main/AndroidManifest.xml:13:9-54
23        android:icon="@mipmap/ic_launcher"
23-->src/main/AndroidManifest.xml:14:9-43
24        android:label="@string/app_name"
24-->src/main/AndroidManifest.xml:15:9-41
25        android:roundIcon="@mipmap/ic_launcher_round"
25-->src/main/AndroidManifest.xml:16:9-54
26        android:supportsRtl="true"
26-->src/main/AndroidManifest.xml:17:9-35
27        android:testOnly="true"
28        android:theme="@style/Theme.FD" >
28-->src/main/AndroidManifest.xml:18:9-40
29        <activity
29-->src/main/AndroidManifest.xml:20:9-28:20
30            android:name="com.paytest.fd.SmartReplyActivity"
30-->src/main/AndroidManifest.xml:21:13-47
31            android:exported="true" >
31-->src/main/AndroidManifest.xml:22:13-36
32            <intent-filter>
32-->src/main/AndroidManifest.xml:23:13-27:29
33                <action android:name="android.intent.action.MAIN" />
33-->src/main/AndroidManifest.xml:24:17-69
33-->src/main/AndroidManifest.xml:24:25-66
34
35                <category android:name="android.intent.category.LAUNCHER" />
35-->src/main/AndroidManifest.xml:26:17-77
35-->src/main/AndroidManifest.xml:26:27-74
36            </intent-filter>
37        </activity>
38        <activity
38-->src/main/AndroidManifest.xml:29:9-31:40
39            android:name="com.paytest.fd.HandWriteActivity"
39-->src/main/AndroidManifest.xml:30:13-46
40            android:exported="false" />
40-->src/main/AndroidManifest.xml:31:13-37
41        <activity
41-->src/main/AndroidManifest.xml:32:9-34:40
42            android:name="com.paytest.fd.EntityActivity"
42-->src/main/AndroidManifest.xml:33:13-43
43            android:exported="false" />
43-->src/main/AndroidManifest.xml:34:13-37
44        <activity
44-->src/main/AndroidManifest.xml:35:9-39:20
45            android:name="com.paytest.fd.ObjectDetectActivity"
45-->src/main/AndroidManifest.xml:36:13-49
46            android:exported="true" >
46-->src/main/AndroidManifest.xml:37:13-36
47        </activity>
48        <activity
48-->src/main/AndroidManifest.xml:40:9-43:59
49            android:name="com.paytest.fd.ImageLableActivity"
49-->src/main/AndroidManifest.xml:41:13-47
50            android:exported="true"
50-->src/main/AndroidManifest.xml:42:13-36
51            android:theme="@style/Theme.FD.NoActionBar" />
51-->src/main/AndroidManifest.xml:43:13-56
52        <activity
52-->src/main/AndroidManifest.xml:44:9-46:39
53            android:name="com.paytest.fd.MainActivity"
53-->src/main/AndroidManifest.xml:45:13-41
54            android:exported="true" />
54-->src/main/AndroidManifest.xml:46:13-36
55
56        <service
56-->[com.google.mlkit:object-detection:17.0.0] AndroidManifest.xml:11:9-17:19
57            android:name="com.google.mlkit.common.internal.MlKitComponentDiscoveryService"
57-->[com.google.mlkit:object-detection:17.0.0] AndroidManifest.xml:12:13-91
58            android:directBootAware="true"
58-->[com.google.mlkit:common:18.0.0] AndroidManifest.xml:17:13-43
59            android:exported="false" >
59-->[com.google.mlkit:object-detection:17.0.0] AndroidManifest.xml:13:13-37
60            <meta-data
60-->[com.google.mlkit:object-detection:17.0.0] AndroidManifest.xml:14:13-16:85
61                android:name="com.google.firebase.components:com.google.mlkit.vision.objects.defaults.internal.DefaultObjectsRegistrar"
61-->[com.google.mlkit:object-detection:17.0.0] AndroidManifest.xml:15:17-136
62                android:value="com.google.firebase.components.ComponentRegistrar" />
62-->[com.google.mlkit:object-detection:17.0.0] AndroidManifest.xml:16:17-82
63            <meta-data
63-->[com.google.mlkit:image-labeling:17.0.7] AndroidManifest.xml:11:13-13:85
64                android:name="com.google.firebase.components:com.google.mlkit.vision.label.defaults.internal.BundledLabelRegistrar"
64-->[com.google.mlkit:image-labeling:17.0.7] AndroidManifest.xml:12:17-132
65                android:value="com.google.firebase.components.ComponentRegistrar" />
65-->[com.google.mlkit:image-labeling:17.0.7] AndroidManifest.xml:13:17-82
66            <meta-data
66-->[com.google.mlkit:entity-extraction:16.0.0-beta1] AndroidManifest.xml:14:13-16:85
67                android:name="com.google.firebase.components:com.google.mlkit.nl.entityextraction.internal.EntityExtractionComponentRegistrar"
67-->[com.google.mlkit:entity-extraction:16.0.0-beta1] AndroidManifest.xml:15:17-143
68                android:value="com.google.firebase.components.ComponentRegistrar" />
68-->[com.google.mlkit:entity-extraction:16.0.0-beta1] AndroidManifest.xml:16:17-82
69            <meta-data
69-->[com.google.mlkit:digital-ink-recognition:16.1.0] AndroidManifest.xml:15:13-17:85
70                android:name="com.google.firebase.components:com.google.mlkit.vision.digitalink.internal.DigitalInkRecognitionRegistrar"
70-->[com.google.mlkit:digital-ink-recognition:16.1.0] AndroidManifest.xml:16:17-137
71                android:value="com.google.firebase.components.ComponentRegistrar" />
71-->[com.google.mlkit:digital-ink-recognition:16.1.0] AndroidManifest.xml:17:17-82
72            <meta-data
72-->[com.google.mlkit:smart-reply:16.1.1] AndroidManifest.xml:26:13-28:85
73                android:name="com.google.firebase.components:com.google.mlkit.nl.smartreply.component.SmartReplyComponentRegistrar"
73-->[com.google.mlkit:smart-reply:16.1.1] AndroidManifest.xml:27:17-132
74                android:value="com.google.firebase.components.ComponentRegistrar" />
74-->[com.google.mlkit:smart-reply:16.1.1] AndroidManifest.xml:28:17-82
75            <meta-data
75-->[com.google.mlkit:smart-reply:16.1.1] AndroidManifest.xml:29:13-31:85
76                android:name="com.google.firebase.components:com.google.mlkit.nl.smartreply.component.RemoteConfigRegistrar"
76-->[com.google.mlkit:smart-reply:16.1.1] AndroidManifest.xml:30:17-125
77                android:value="com.google.firebase.components.ComponentRegistrar" />
77-->[com.google.mlkit:smart-reply:16.1.1] AndroidManifest.xml:31:17-82
78            <meta-data
78-->[com.google.android.gms:play-services-mlkit-face-detection:16.1.1] AndroidManifest.xml:12:13-14:85
79                android:name="com.google.firebase.components:com.google.mlkit.vision.face.internal.FaceRegistrar"
79-->[com.google.android.gms:play-services-mlkit-face-detection:16.1.1] AndroidManifest.xml:13:17-114
80                android:value="com.google.firebase.components.ComponentRegistrar" />
80-->[com.google.android.gms:play-services-mlkit-face-detection:16.1.1] AndroidManifest.xml:14:17-82
81            <meta-data
81-->[com.google.mlkit:vision-internal-vkp:18.2.2] AndroidManifest.xml:14:13-16:85
82                android:name="com.google.firebase.components:com.google.mlkit.vision.vkp.VkpRegistrar"
82-->[com.google.mlkit:vision-internal-vkp:18.2.2] AndroidManifest.xml:15:17-103
83                android:value="com.google.firebase.components.ComponentRegistrar" />
83-->[com.google.mlkit:vision-internal-vkp:18.2.2] AndroidManifest.xml:16:17-82
84            <meta-data
84-->[com.google.mlkit:vision-common:17.0.0] AndroidManifest.xml:12:13-14:85
85                android:name="com.google.firebase.components:com.google.mlkit.vision.common.internal.VisionCommonRegistrar"
85-->[com.google.mlkit:vision-common:17.0.0] AndroidManifest.xml:13:17-124
86                android:value="com.google.firebase.components.ComponentRegistrar" />
86-->[com.google.mlkit:vision-common:17.0.0] AndroidManifest.xml:14:17-82
87            <meta-data
87-->[com.google.mlkit:language-id:16.1.1] AndroidManifest.xml:11:13-13:85
88                android:name="com.google.firebase.components:com.google.mlkit.nl.languageid.LanguageIdRegistrar"
88-->[com.google.mlkit:language-id:16.1.1] AndroidManifest.xml:12:17-113
89                android:value="com.google.firebase.components.ComponentRegistrar" />
89-->[com.google.mlkit:language-id:16.1.1] AndroidManifest.xml:13:17-82
90            <meta-data
90-->[com.google.mlkit:common:18.0.0] AndroidManifest.xml:20:13-22:85
91                android:name="com.google.firebase.components:com.google.mlkit.common.internal.CommonComponentRegistrar"
91-->[com.google.mlkit:common:18.0.0] AndroidManifest.xml:21:17-120
92                android:value="com.google.firebase.components.ComponentRegistrar" />
92-->[com.google.mlkit:common:18.0.0] AndroidManifest.xml:22:17-82
93        </service>
94
95        <provider
95-->[com.google.mlkit:common:18.0.0] AndroidManifest.xml:9:9-13:38
96            android:name="com.google.mlkit.common.internal.MlKitInitProvider"
96-->[com.google.mlkit:common:18.0.0] AndroidManifest.xml:10:13-78
97            android:authorities="com.paytest.fd.mlkitinitprovider"
97-->[com.google.mlkit:common:18.0.0] AndroidManifest.xml:11:13-69
98            android:exported="false"
98-->[com.google.mlkit:common:18.0.0] AndroidManifest.xml:12:13-37
99            android:initOrder="99" />
99-->[com.google.mlkit:common:18.0.0] AndroidManifest.xml:13:13-35
100
101        <service
101-->[com.google.android.datatransport:transport-backend-cct:2.3.3] AndroidManifest.xml:29:9-35:19
102            android:name="com.google.android.datatransport.runtime.backends.TransportBackendDiscovery"
102-->[com.google.android.datatransport:transport-backend-cct:2.3.3] AndroidManifest.xml:30:13-103
103            android:exported="false" >
103-->[com.google.android.datatransport:transport-backend-cct:2.3.3] AndroidManifest.xml:31:13-37
104            <meta-data
104-->[com.google.android.datatransport:transport-backend-cct:2.3.3] AndroidManifest.xml:32:13-34:39
105                android:name="backend:com.google.android.datatransport.cct.CctBackendFactory"
105-->[com.google.android.datatransport:transport-backend-cct:2.3.3] AndroidManifest.xml:33:17-94
106                android:value="cct" />
106-->[com.google.android.datatransport:transport-backend-cct:2.3.3] AndroidManifest.xml:34:17-36
107        </service>
108        <service
108-->[com.google.android.datatransport:transport-runtime:2.2.6] AndroidManifest.xml:26:9-30:19
109            android:name="com.google.android.datatransport.runtime.scheduling.jobscheduling.JobInfoSchedulerService"
109-->[com.google.android.datatransport:transport-runtime:2.2.6] AndroidManifest.xml:27:13-117
110            android:exported="false"
110-->[com.google.android.datatransport:transport-runtime:2.2.6] AndroidManifest.xml:28:13-37
111            android:permission="android.permission.BIND_JOB_SERVICE" >
111-->[com.google.android.datatransport:transport-runtime:2.2.6] AndroidManifest.xml:29:13-69
112        </service>
113
114        <receiver
114-->[com.google.android.datatransport:transport-runtime:2.2.6] AndroidManifest.xml:32:9-34:40
115            android:name="com.google.android.datatransport.runtime.scheduling.jobscheduling.AlarmManagerSchedulerBroadcastReceiver"
115-->[com.google.android.datatransport:transport-runtime:2.2.6] AndroidManifest.xml:33:13-132
116            android:exported="false" />
116-->[com.google.android.datatransport:transport-runtime:2.2.6] AndroidManifest.xml:34:13-37
117
118        <activity
118-->[com.google.android.gms:play-services-base:18.0.1] AndroidManifest.xml:20:9-22:45
119            android:name="com.google.android.gms.common.api.GoogleApiActivity"
119-->[com.google.android.gms:play-services-base:18.0.1] AndroidManifest.xml:20:19-85
120            android:exported="false"
120-->[com.google.android.gms:play-services-base:18.0.1] AndroidManifest.xml:22:19-43
121            android:theme="@android:style/Theme.Translucent.NoTitleBar" />
121-->[com.google.android.gms:play-services-base:18.0.1] AndroidManifest.xml:21:19-78
122
123        <meta-data
123-->[com.google.android.gms:play-services-basement:18.0.0] AndroidManifest.xml:21:9-23:69
124            android:name="com.google.android.gms.version"
124-->[com.google.android.gms:play-services-basement:18.0.0] AndroidManifest.xml:22:13-58
125            android:value="@integer/google_play_services_version" />
125-->[com.google.android.gms:play-services-basement:18.0.0] AndroidManifest.xml:23:13-66
126
127        <provider
127-->[androidx.work:work-runtime:2.2.0] AndroidManifest.xml:30:9-36:35
128            android:name="androidx.work.impl.WorkManagerInitializer"
128-->[androidx.work:work-runtime:2.2.0] AndroidManifest.xml:31:13-69
129            android:authorities="com.paytest.fd.workmanager-init"
129-->[androidx.work:work-runtime:2.2.0] AndroidManifest.xml:32:13-68
130            android:directBootAware="false"
130-->[androidx.work:work-runtime:2.2.0] AndroidManifest.xml:33:13-44
131            android:exported="false"
131-->[androidx.work:work-runtime:2.2.0] AndroidManifest.xml:34:13-37
132            android:multiprocess="true" />
132-->[androidx.work:work-runtime:2.2.0] AndroidManifest.xml:35:13-40
133
134        <service
134-->[androidx.work:work-runtime:2.2.0] AndroidManifest.xml:38:9-43:35
135            android:name="androidx.work.impl.background.systemalarm.SystemAlarmService"
135-->[androidx.work:work-runtime:2.2.0] AndroidManifest.xml:39:13-88
136            android:directBootAware="false"
136-->[androidx.work:work-runtime:2.2.0] AndroidManifest.xml:40:13-44
137            android:enabled="@bool/enable_system_alarm_service_default"
137-->[androidx.work:work-runtime:2.2.0] AndroidManifest.xml:41:13-72
138            android:exported="false" />
138-->[androidx.work:work-runtime:2.2.0] AndroidManifest.xml:42:13-37
139        <service
139-->[androidx.work:work-runtime:2.2.0] AndroidManifest.xml:44:9-50:35
140            android:name="androidx.work.impl.background.systemjob.SystemJobService"
140-->[androidx.work:work-runtime:2.2.0] AndroidManifest.xml:45:13-84
141            android:directBootAware="false"
141-->[androidx.work:work-runtime:2.2.0] AndroidManifest.xml:46:13-44
142            android:enabled="@bool/enable_system_job_service_default"
142-->[androidx.work:work-runtime:2.2.0] AndroidManifest.xml:47:13-70
143            android:exported="true"
143-->[androidx.work:work-runtime:2.2.0] AndroidManifest.xml:48:13-36
144            android:permission="android.permission.BIND_JOB_SERVICE" />
144-->[androidx.work:work-runtime:2.2.0] AndroidManifest.xml:49:13-69
145
146        <receiver
146-->[androidx.work:work-runtime:2.2.0] AndroidManifest.xml:52:9-57:35
147            android:name="androidx.work.impl.utils.ForceStopRunnable$BroadcastReceiver"
147-->[androidx.work:work-runtime:2.2.0] AndroidManifest.xml:53:13-88
148            android:directBootAware="false"
148-->[androidx.work:work-runtime:2.2.0] AndroidManifest.xml:54:13-44
149            android:enabled="true"
149-->[androidx.work:work-runtime:2.2.0] AndroidManifest.xml:55:13-35
150            android:exported="false" />
150-->[androidx.work:work-runtime:2.2.0] AndroidManifest.xml:56:13-37
151        <receiver
151-->[androidx.work:work-runtime:2.2.0] AndroidManifest.xml:58:9-68:20
152            android:name="androidx.work.impl.background.systemalarm.ConstraintProxy$BatteryChargingProxy"
152-->[androidx.work:work-runtime:2.2.0] AndroidManifest.xml:59:13-106
153            android:directBootAware="false"
153-->[androidx.work:work-runtime:2.2.0] AndroidManifest.xml:60:13-44
154            android:enabled="false"
154-->[androidx.work:work-runtime:2.2.0] AndroidManifest.xml:61:13-36
155            android:exported="false" >
155-->[androidx.work:work-runtime:2.2.0] AndroidManifest.xml:62:13-37
156            <intent-filter>
156-->[androidx.work:work-runtime:2.2.0] AndroidManifest.xml:64:13-67:29
157                <action android:name="android.intent.action.ACTION_POWER_CONNECTED" />
157-->[androidx.work:work-runtime:2.2.0] AndroidManifest.xml:65:17-87
157-->[androidx.work:work-runtime:2.2.0] AndroidManifest.xml:65:25-84
158                <action android:name="android.intent.action.ACTION_POWER_DISCONNECTED" />
158-->[androidx.work:work-runtime:2.2.0] AndroidManifest.xml:66:17-90
158-->[androidx.work:work-runtime:2.2.0] AndroidManifest.xml:66:25-87
159            </intent-filter>
160        </receiver>
161        <receiver
161-->[androidx.work:work-runtime:2.2.0] AndroidManifest.xml:69:9-79:20
162            android:name="androidx.work.impl.background.systemalarm.ConstraintProxy$BatteryNotLowProxy"
162-->[androidx.work:work-runtime:2.2.0] AndroidManifest.xml:70:13-104
163            android:directBootAware="false"
163-->[androidx.work:work-runtime:2.2.0] AndroidManifest.xml:71:13-44
164            android:enabled="false"
164-->[androidx.work:work-runtime:2.2.0] AndroidManifest.xml:72:13-36
165            android:exported="false" >
165-->[androidx.work:work-runtime:2.2.0] AndroidManifest.xml:73:13-37
166            <intent-filter>
166-->[androidx.work:work-runtime:2.2.0] AndroidManifest.xml:75:13-78:29
167                <action android:name="android.intent.action.BATTERY_OKAY" />
167-->[androidx.work:work-runtime:2.2.0] AndroidManifest.xml:76:17-77
167-->[androidx.work:work-runtime:2.2.0] AndroidManifest.xml:76:25-74
168                <action android:name="android.intent.action.BATTERY_LOW" />
168-->[androidx.work:work-runtime:2.2.0] AndroidManifest.xml:77:17-76
168-->[androidx.work:work-runtime:2.2.0] AndroidManifest.xml:77:25-73
169            </intent-filter>
170        </receiver>
171        <receiver
171-->[androidx.work:work-runtime:2.2.0] AndroidManifest.xml:80:9-90:20
172            android:name="androidx.work.impl.background.systemalarm.ConstraintProxy$StorageNotLowProxy"
172-->[androidx.work:work-runtime:2.2.0] AndroidManifest.xml:81:13-104
173            android:directBootAware="false"
173-->[androidx.work:work-runtime:2.2.0] AndroidManifest.xml:82:13-44
174            android:enabled="false"
174-->[androidx.work:work-runtime:2.2.0] AndroidManifest.xml:83:13-36
175            android:exported="false" >
175-->[androidx.work:work-runtime:2.2.0] AndroidManifest.xml:84:13-37
176            <intent-filter>
176-->[androidx.work:work-runtime:2.2.0] AndroidManifest.xml:86:13-89:29
177                <action android:name="android.intent.action.DEVICE_STORAGE_LOW" />
177-->[androidx.work:work-runtime:2.2.0] AndroidManifest.xml:87:17-83
177-->[androidx.work:work-runtime:2.2.0] AndroidManifest.xml:87:25-80
178                <action android:name="android.intent.action.DEVICE_STORAGE_OK" />
178-->[androidx.work:work-runtime:2.2.0] AndroidManifest.xml:88:17-82
178-->[androidx.work:work-runtime:2.2.0] AndroidManifest.xml:88:25-79
179            </intent-filter>
180        </receiver>
181        <receiver
181-->[androidx.work:work-runtime:2.2.0] AndroidManifest.xml:91:9-100:20
182            android:name="androidx.work.impl.background.systemalarm.ConstraintProxy$NetworkStateProxy"
182-->[androidx.work:work-runtime:2.2.0] AndroidManifest.xml:92:13-103
183            android:directBootAware="false"
183-->[androidx.work:work-runtime:2.2.0] AndroidManifest.xml:93:13-44
184            android:enabled="false"
184-->[androidx.work:work-runtime:2.2.0] AndroidManifest.xml:94:13-36
185            android:exported="false" >
185-->[androidx.work:work-runtime:2.2.0] AndroidManifest.xml:95:13-37
186            <intent-filter>
186-->[androidx.work:work-runtime:2.2.0] AndroidManifest.xml:97:13-99:29
187                <action android:name="android.net.conn.CONNECTIVITY_CHANGE" />
187-->[androidx.work:work-runtime:2.2.0] AndroidManifest.xml:98:17-79
187-->[androidx.work:work-runtime:2.2.0] AndroidManifest.xml:98:25-76
188            </intent-filter>
189        </receiver>
190        <receiver
190-->[androidx.work:work-runtime:2.2.0] AndroidManifest.xml:101:9-112:20
191            android:name="androidx.work.impl.background.systemalarm.RescheduleReceiver"
191-->[androidx.work:work-runtime:2.2.0] AndroidManifest.xml:102:13-88
192            android:directBootAware="false"
192-->[androidx.work:work-runtime:2.2.0] AndroidManifest.xml:103:13-44
193            android:enabled="false"
193-->[androidx.work:work-runtime:2.2.0] AndroidManifest.xml:104:13-36
194            android:exported="false" >
194-->[androidx.work:work-runtime:2.2.0] AndroidManifest.xml:105:13-37
195            <intent-filter>
195-->[androidx.work:work-runtime:2.2.0] AndroidManifest.xml:107:13-111:29
196                <action android:name="android.intent.action.BOOT_COMPLETED" />
196-->[androidx.work:work-runtime:2.2.0] AndroidManifest.xml:108:17-79
196-->[androidx.work:work-runtime:2.2.0] AndroidManifest.xml:108:25-76
197                <action android:name="android.intent.action.TIME_SET" />
197-->[androidx.work:work-runtime:2.2.0] AndroidManifest.xml:109:17-73
197-->[androidx.work:work-runtime:2.2.0] AndroidManifest.xml:109:25-70
198                <action android:name="android.intent.action.TIMEZONE_CHANGED" />
198-->[androidx.work:work-runtime:2.2.0] AndroidManifest.xml:110:17-81
198-->[androidx.work:work-runtime:2.2.0] AndroidManifest.xml:110:25-78
199            </intent-filter>
200        </receiver>
201        <receiver
201-->[androidx.work:work-runtime:2.2.0] AndroidManifest.xml:113:9-122:20
202            android:name="androidx.work.impl.background.systemalarm.ConstraintProxyUpdateReceiver"
202-->[androidx.work:work-runtime:2.2.0] AndroidManifest.xml:114:13-99
203            android:directBootAware="false"
203-->[androidx.work:work-runtime:2.2.0] AndroidManifest.xml:115:13-44
204            android:enabled="@bool/enable_system_alarm_service_default"
204-->[androidx.work:work-runtime:2.2.0] AndroidManifest.xml:116:13-72
205            android:exported="false" >
205-->[androidx.work:work-runtime:2.2.0] AndroidManifest.xml:117:13-37
206            <intent-filter>
206-->[androidx.work:work-runtime:2.2.0] AndroidManifest.xml:119:13-121:29
207                <action android:name="androidx.work.impl.background.systemalarm.UpdateProxies" />
207-->[androidx.work:work-runtime:2.2.0] AndroidManifest.xml:120:17-98
207-->[androidx.work:work-runtime:2.2.0] AndroidManifest.xml:120:25-95
208            </intent-filter>
209        </receiver>
210
211        <service
211-->[androidx.room:room-runtime:2.1.0] AndroidManifest.xml:25:9-27:40
212            android:name="androidx.room.MultiInstanceInvalidationService"
212-->[androidx.room:room-runtime:2.1.0] AndroidManifest.xml:26:13-74
213            android:exported="false" />
213-->[androidx.room:room-runtime:2.1.0] AndroidManifest.xml:27:13-37
214
215        <provider
215-->[androidx.lifecycle:lifecycle-process:2.1.0] AndroidManifest.xml:23:9-27:43
216            android:name="androidx.lifecycle.ProcessLifecycleOwnerInitializer"
216-->[androidx.lifecycle:lifecycle-process:2.1.0] AndroidManifest.xml:24:13-79
217            android:authorities="com.paytest.fd.lifecycle-process"
217-->[androidx.lifecycle:lifecycle-process:2.1.0] AndroidManifest.xml:25:13-69
218            android:exported="false"
218-->[androidx.lifecycle:lifecycle-process:2.1.0] AndroidManifest.xml:26:13-37
219            android:multiprocess="true" />
219-->[androidx.lifecycle:lifecycle-process:2.1.0] AndroidManifest.xml:27:13-40
220    </application>
221
222</manifest>